<?xml version="1.0" encoding="UTF-8"?>
<testng-results ignored="0" total="1" passed="1" failed="0" skipped="0">
  <reporter-output>
  </reporter-output>
  <suite started-at="2024-11-20T19:09:47 IST" name="Suite" finished-at="2024-11-20T19:09:58 IST" duration-ms="11254">
    <groups>
    </groups>
    <test started-at="2024-11-20T19:09:47 IST" name="Test" finished-at="2024-11-20T19:09:58 IST" duration-ms="11254">
      <class name="jenkins1.jenkins1.One">
        <test-method is-config="true" signature="LaunchBrowser()[pri:0, instance:jenkins1.jenkins1.One@6bca7e0d]" started-at="2024-11-20T19:09:47 IST" name="LaunchBrowser" finished-at="2024-11-20T19:09:50 IST" duration-ms="2898" status="PASS">
          <reporter-output>
          </reporter-output>
        </test-method> <!-- LaunchBrowser -->
        <test-method signature="EnterCustomerID()[pri:0, instance:jenkins1.jenkins1.One@6bca7e0d]" started-at="2024-11-20T19:09:50 IST" name="EnterCustomerID" finished-at="2024-11-20T19:09:58 IST" duration-ms="8266" status="PASS">
          <reporter-output>
          </reporter-output>
        </test-method> <!-- EnterCustomerID -->
        <test-method is-config="true" signature="CloseBrowser()[pri:0, instance:jenkins1.jenkins1.One@6bca7e0d]" started-at="2024-11-20T19:09:58 IST" name="CloseBrowser" finished-at="2024-11-20T19:09:58 IST" duration-ms="0" status="PASS">
          <reporter-output>
          </reporter-output>
        </test-method> <!-- CloseBrowser -->
      </class> <!-- jenkins1.jenkins1.One -->
    </test> <!-- Test -->
  </suite> <!-- Suite -->
</testng-results>
