<?xml version="1.0" encoding="UTF-8"?>
<testng-results ignored="0" total="1" passed="1" failed="0" skipped="0">
  <reporter-output>
  </reporter-output>
  <suite started-at="2024-11-19T22:45:15 IST" name="Suite" finished-at="2024-11-19T22:45:31 IST" duration-ms="16164">
    <groups>
    </groups>
    <test started-at="2024-11-19T22:45:15 IST" name="Test" finished-at="2024-11-19T22:45:31 IST" duration-ms="16164">
      <class name="jenkins1.jenkins1.One">
        <test-method is-config="true" signature="LaunchBrowser()[pri:0, instance:jenkins1.jenkins1.One@4afcd809]" started-at="2024-11-19T22:45:15 IST" name="LaunchBrowser" finished-at="2024-11-19T22:45:25 IST" duration-ms="9691" status="PASS">
          <reporter-output>
          </reporter-output>
        </test-method> <!-- LaunchBrowser -->
        <test-method signature="EnterCustomerID()[pri:0, instance:jenkins1.jenkins1.One@4afcd809]" started-at="2024-11-19T22:45:25 IST" name="EnterCustomerID" finished-at="2024-11-19T22:45:31 IST" duration-ms="6437" status="PASS">
          <reporter-output>
          </reporter-output>
        </test-method> <!-- EnterCustomerID -->
        <test-method is-config="true" signature="CloseBrowser()[pri:0, instance:jenkins1.jenkins1.One@4afcd809]" started-at="2024-11-19T22:45:31 IST" name="CloseBrowser" finished-at="2024-11-19T22:45:31 IST" duration-ms="0" status="PASS">
          <reporter-output>
          </reporter-output>
        </test-method> <!-- CloseBrowser -->
      </class> <!-- jenkins1.jenkins1.One -->
    </test> <!-- Test -->
  </suite> <!-- Suite -->
</testng-results>
