<?xml version="1.0" encoding="UTF-8"?>
<testng-results ignored="0" total="1" passed="1" failed="0" skipped="0">
  <reporter-output>
  </reporter-output>
  <suite started-at="2024-11-18T15:18:55 IST" name="Default suite" finished-at="2024-11-18T15:19:13 IST" duration-ms="17752">
    <groups>
    </groups>
    <test started-at="2024-11-18T15:18:55 IST" name="Default test" finished-at="2024-11-18T15:19:13 IST" duration-ms="17752">
      <class name="jenkins1.jenkins1.One">
        <test-method is-config="true" signature="LaunchBrowser()[pri:0, instance:jenkins1.jenkins1.One@173ed316]" started-at="2024-11-18T15:18:55 IST" name="LaunchBrowser" finished-at="2024-11-18T15:19:06 IST" duration-ms="11176" status="PASS">
          <reporter-output>
          </reporter-output>
        </test-method> <!-- LaunchBrowser -->
        <test-method signature="EnterCustomerID()[pri:0, instance:jenkins1.jenkins1.One@173ed316]" started-at="2024-11-18T15:19:06 IST" name="EnterCustomerID" finished-at="2024-11-18T15:19:13 IST" duration-ms="6489" status="PASS">
          <reporter-output>
          </reporter-output>
        </test-method> <!-- EnterCustomerID -->
        <test-method is-config="true" signature="CloseBrowser()[pri:0, instance:jenkins1.jenkins1.One@173ed316]" started-at="2024-11-18T15:19:13 IST" name="CloseBrowser" finished-at="2024-11-18T15:19:13 IST" duration-ms="0" status="PASS">
          <reporter-output>
          </reporter-output>
        </test-method> <!-- CloseBrowser -->
      </class> <!-- jenkins1.jenkins1.One -->
    </test> <!-- Default test -->
  </suite> <!-- Default suite -->
</testng-results>
